Arguments: 
  C:\Program Files\nodejs\node.exe C:\Program Files\nodejs\node_modules\yarn\bin\yarn.js start

PATH: 
  C:\WINDOWS\system32;C:\WINDOWS;C:\WINDOWS\System32\Wbem;C:\WINDOWS\System32\WindowsPowerShell\v1.0\;C:\WINDOWS\System32\OpenSSH\;C:\Program Files\PuTTY\;C:\Program Files\MySQL\MySQL Server 8.0\bin;C:\Program Files\Git\cmd;C:\Program Files\nodejs\;C:\Users\suporte\AppData\Local\Microsoft\WindowsApps;;C:\Users\suporte\AppData\Local\Programs\Microsoft VS Code\bin;C:\Users\suporte\AppData\Roaming\npm

Yarn version: 
  1.22.11

Node version: 
  14.17.3

Platform: 
  win32 x64

Trace: 
  SyntaxError: C:\Users\suporte\Desktop\projetos_API\projeto_typeScript\package.json: Unexpected token } in JSON at position 432
      at JSON.parse (<anonymous>)
      at C:\Program Files\nodejs\node_modules\yarn\lib\cli.js:1625:59
      at Generator.next (<anonymous>)
      at step (C:\Program Files\nodejs\node_modules\yarn\lib\cli.js:310:30)
      at C:\Program Files\nodejs\node_modules\yarn\lib\cli.js:321:13

npm manifest: 
  {
    "name": "toyouplace",
    "version": "1.0.0",
    "description": "",
    "main": "index.js",
    "scripts": {
      "start": "ts-node-dev --respawn --transpile-only src/index.ts"
    },
    "author": "",
    "license": "ISC",
    "dependencies": {
      "express": "^4.17.1",
      "mongoose": "^5.12.13",
      "ts-node-dev": "^1.1.8",
      "typescript": "^4.4.3"
    },
    "devDependencies": {
      "@types/express": "^4.17.13",
      "eslint": "^6.7.2",
    }
  }

yarn manifest: 
  No manifest

Lockfile: 
  No lockfile
